# JRE version: OpenJDK Runtime Environment (23.0.1+11) (build 23.0.1+11-39)
# Java VM: OpenJDK 64-Bit Server VM (23.0.1+11-39, mixed mode, sharing, tiered, compressed oops, compressed class ptrs, g1 gc, windows-amd64)
GC Precious Log:
 CardTable entry size: 512
 Card Set container configuration: InlinePtr #cards 4 size 8 Array Of Cards #cards 16 size 48 Howl #buckets 8 coarsen threshold 3686 Howl Bitmap #cards 512 size 80 coarsen threshold 460 Card regions per heap region 1 cards per card region 4096
 CPUs: 8 total, 8 available
 Memory: 16217M
 Large Page Support: Disabled
 NUMA Support: Disabled
 Compressed Oops: Enabled (Zero based)
 Heap Region Size: 2M
 Heap Min Capacity: 8M
 Heap Initial Capacity: 254M
 Heap Max Capacity: 4056M
 Pre-touch: Disabled
 Parallel Workers: 8
 Concurrent Workers: 2
 Concurrent Refinement Workers: 8
 Periodic GC: Disabled
Heap:
 garbage-first heap   total reserved 4153344K, committed 780288K, used 389120K [0x0000000702800000, 0x0000000800000000)
  region size 2048K, 6 young (12288K), 6 survivors (12288K)
 Metaspace       used 885K, committed 1024K, reserved 1114112K
  class space    used 72K, committed 128K, reserved 1048576K
GC Heap History (17 events):
Event: 0.218 GC heap before
{Heap before GC invocations=0 (full 0):
 garbage-first heap   total reserved 4153344K, committed 260096K, used 22528K [0x0000000702800000, 0x0000000800000000)
  region size 2048K, 12 young (24576K), 0 survivors (0K)
 Metaspace       used 854K, committed 1024K, reserved 1114112K
  class space    used 69K, committed 128K, reserved 1048576K
}
Event: 0.235 GC heap after
{Heap after GC invocations=1 (full 0):
 garbage-first heap   total reserved 4153344K, committed 260096K, used 22186K [0x0000000702800000, 0x0000000800000000)
  region size 2048K, 2 young (4096K), 2 survivors (4096K)
 Metaspace       used 854K, committed 1024K, reserved 1114112K
  class space    used 69K, committed 128K, reserved 1048576K
}
Event: 0.250 GC heap before
{Heap before GC invocations=1 (full 0):
 garbage-first heap   total reserved 4153344K, committed 260096K, used 32426K [0x0000000702800000, 0x0000000800000000)
  region size 2048K, 8 young (16384K), 2 survivors (4096K)
 Metaspace       used 856K, committed 1024K, reserved 1114112K
  class space    used 69K, committed 128K, reserved 1048576K
}
Event: 0.267 GC heap after
{Heap after GC invocations=2 (full 0):
 garbage-first heap   total reserved 4153344K, committed 260096K, used 34816K [0x0000000702800000, 0x0000000800000000)
  region size 2048K, 1 young (2048K), 1 survivors (2048K)
 Metaspace       used 856K, committed 1024K, reserved 1114112K
  class space    used 69K, committed 128K, reserved 1048576K
}
Event: 0.279 GC heap before
{Heap before GC invocations=2 (full 0):
 garbage-first heap   total reserved 4153344K, committed 260096K, used 65536K [0x0000000702800000, 0x0000000800000000)
  region size 2048K, 13 young (26624K), 1 survivors (2048K)
 Metaspace       used 856K, committed 1024K, reserved 1114112K
  class space    used 69K, committed 128K, reserved 1048576K
}
Event: 0.300 GC heap after
{Heap after GC invocations=3 (full 0):
 garbage-first heap   total reserved 4153344K, committed 260096K, used 68539K [0x0000000702800000, 0x0000000800000000)
  region size 2048K, 2 young (4096K), 2 survivors (4096K)
 Metaspace       used 856K, committed 1024K, reserved 1114112K
  class space    used 69K, committed 128K, reserved 1048576K
}
Event: 0.315 GC heap before
{Heap before GC invocations=3 (full 0):
 garbage-first heap   total reserved 4153344K, committed 260096K, used 105403K [0x0000000702800000, 0x0000000800000000)
  region size 2048K, 18 young (36864K), 2 survivors (4096K)
 Metaspace       used 856K, committed 1024K, reserved 1114112K
  class space    used 69K, committed 128K, reserved 1048576K
}
Event: 0.345 GC heap after
{Heap after GC invocations=4 (full 0):
 garbage-first heap   total reserved 4153344K, committed 260096K, used 107520K [0x0000000702800000, 0x0000000800000000)
  region size 2048K, 3 young (6144K), 3 survivors (6144K)
 Metaspace       used 856K, committed 1024K, reserved 1114112K
  class space    used 69K, committed 128K, reserved 1048576K
}
Event: 0.363 GC heap before
{Heap before GC invocations=4 (full 0):
 garbage-first heap   total reserved 4153344K, committed 260096K, used 150528K [0x0000000702800000, 0x0000000800000000)
  region size 2048K, 21 young (43008K), 3 survivors (6144K)
 Metaspace       used 856K, committed 1024K, reserved 1114112K
  class space    used 69K, committed 128K, reserved 1048576K
}
Event: 0.410 GC heap after
{Heap after GC invocations=5 (full 0):
 garbage-first heap   total reserved 4153344K, committed 780288K, used 153600K [0x0000000702800000, 0x0000000800000000)
  region size 2048K, 3 young (6144K), 3 survivors (6144K)
 Metaspace       used 856K, committed 1024K, reserved 1114112K
  class space    used 69K, committed 128K, reserved 1048576K
}
Event: 0.447 GC heap before
{Heap before GC invocations=5 (full 0):
 garbage-first heap   total reserved 4153344K, committed 780288K, used 198656K [0x0000000702800000, 0x0000000800000000)
  region size 2048K, 25 young (51200K), 3 survivors (6144K)
 Metaspace       used 856K, committed 1024K, reserved 1114112K
  class space    used 69K, committed 128K, reserved 1048576K
}
Event: 0.479 GC heap after
{Heap after GC invocations=6 (full 0):
 garbage-first heap   total reserved 4153344K, committed 780288K, used 202593K [0x0000000702800000, 0x0000000800000000)
  region size 2048K, 4 young (8192K), 4 survivors (8192K)
 Metaspace       used 856K, committed 1024K, reserved 1114112K
  class space    used 69K, committed 128K, reserved 1048576K
}
Event: 0.514 GC heap before
{Heap before GC invocations=6 (full 0):
 garbage-first heap   total reserved 4153344K, committed 780288K, used 266081K [0x0000000702800000, 0x0000000800000000)
  region size 2048K, 31 young (63488K), 4 survivors (8192K)
 Metaspace       used 856K, committed 1024K, reserved 1114112K
  class space    used 69K, committed 128K, reserved 1048576K
}
Event: 0.547 GC heap after
{Heap after GC invocations=7 (full 0):
 garbage-first heap   total reserved 4153344K, committed 780288K, used 270333K [0x0000000702800000, 0x0000000800000000)
  region size 2048K, 4 young (8192K), 4 survivors (8192K)
 Metaspace       used 856K, committed 1024K, reserved 1114112K
  class space    used 69K, committed 128K, reserved 1048576K
}
Event: 0.635 GC heap before
{Heap before GC invocations=7 (full 0):
 garbage-first heap   total reserved 4153344K, committed 780288K, used 344061K [0x0000000702800000, 0x0000000800000000)
  region size 2048K, 33 young (67584K), 4 survivors (8192K)
 Metaspace       used 871K, committed 1024K, reserved 1114112K
  class space    used 71K, committed 128K, reserved 1048576K
}
Event: 0.681 GC heap after
{Heap after GC invocations=8 (full 0):
 garbage-first heap   total reserved 4153344K, committed 780288K, used 349184K [0x0000000702800000, 0x0000000800000000)
  region size 2048K, 5 young (10240K), 5 survivors (10240K)
 Metaspace       used 871K, committed 1024K, reserved 1114112K
  class space    used 71K, committed 128K, reserved 1048576K
}
Event: 0.769 GC heap before
{Heap before GC invocations=8 (full 0):
 garbage-first heap   total reserved 4153344K, committed 780288K, used 400384K [0x0000000702800000, 0x0000000800000000)
  region size 2048K, 25 young (51200K), 5 survivors (10240K)
 Metaspace       used 885K, committed 1024K, reserved 1114112K
  class space    used 72K, committed 128K, reserved 1048576K
}

